2024-03-03 11:58:13,434 : INFO : Start of Training
2024-03-03 11:58:13,435 : INFO : Run_id:<bound method Config.run_id of <apps.core.config.Config object at 0x7f8831690af0>>
2024-03-03 11:58:13,436 : INFO : Start of reading dataset...
2024-03-03 11:58:19,016 : INFO : End of reading dataset...
2024-03-03 11:58:19,016 : INFO : Start of splitting features and label ...
2024-03-03 11:58:19,018 : INFO : End of splitting features and label ...
2024-03-03 11:58:19,018 : INFO : Saving to database
2024-03-03 11:58:33,520 : INFO : Start of creating table...
2024-03-03 11:58:34,820 : INFO : Opened used_cars database successfully
2024-03-03 11:58:35,639 : INFO : The column year already exists in uc_training_data table.
2024-03-03 11:58:35,742 : INFO : The column mileage already exists in uc_training_data table.
2024-03-03 11:58:35,844 : INFO : The column engine already exists in uc_training_data table.
2024-03-03 11:58:35,946 : INFO : The column power already exists in uc_training_data table.
2024-03-03 11:58:36,049 : INFO : The column name already exists in uc_training_data table.
2024-03-03 11:58:36,151 : INFO : The column fuel_type already exists in uc_training_data table.
2024-03-03 11:58:36,254 : INFO : The column transmission already exists in uc_training_data table.
2024-03-03 11:58:36,356 : INFO : The column price already exists in uc_training_data table.
2024-03-03 11:58:36,459 : INFO : The column normalized_kilometers already exists in uc_training_data table.
2024-03-03 11:58:36,561 : INFO : End of creating table...
2024-03-03 11:58:56,222 : INFO : Opened used_cars database successfully
2024-03-03 11:58:56,223 : INFO : Start of inserting data into table...
2024-03-03 11:58:56,529 : ERROR : Exception raised while inserting data into table: column "year" of relation "uc_training_data" does not exist
LINE 1: INSERT INTO uc_training_data (Year, Mileage, Engine, Power, ...
                                      ^
 
Traceback (most recent call last):
  File "/home/luka/PycharmProjects/UsedCarsML_v1/pythonProject/apps/db/config.py", line 92, in insert_data
    c.execute(insert_query, tuple(row))
psycopg2.errors.UndefinedColumn: column "year" of relation "uc_training_data" does not exist
LINE 1: INSERT INTO uc_training_data (Year, Mileage, Engine, Power, ...
                                      ^

2024-03-03 11:58:56,560 : INFO : End of inserting data into table...
2024-03-03 11:59:01,282 : INFO : Start of elbow plotting...
2024-03-03 11:59:08,732 : INFO : The optimum number of clusters is: 3
2024-03-03 11:59:08,733 : INFO : End of elbow plotting...
2024-03-03 11:59:10,557 : INFO : Start of Create clusters...
2024-03-03 11:59:10,913 : INFO : Saving Models
2024-03-03 11:59:10,913 : INFO : Saving Models
2024-03-03 11:59:11,104 : INFO : Model File KMeans saved
2024-03-03 11:59:11,104 : INFO : Model File KMeans saved
2024-03-03 11:59:11,104 : INFO : End of Save Models
2024-03-03 11:59:11,104 : INFO : End of Save Models
2024-03-03 11:59:11,108 : INFO : succesfully created 3clusters.
2024-03-03 11:59:11,109 : INFO : End of Create clusters...
2024-03-03 11:59:17,459 : INFO : Model successfully trained on XGBRegressor
2024-03-03 11:59:17,460 : INFO : Saving Models
2024-03-03 11:59:17,460 : INFO : Saving Models
2024-03-03 11:59:17,468 : INFO : Model File XGBRegressor0 saved
2024-03-03 11:59:17,468 : INFO : Model File XGBRegressor0 saved
2024-03-03 11:59:17,469 : INFO : End of Save Models
2024-03-03 11:59:17,469 : INFO : End of Save Models
2024-03-03 11:59:27,427 : INFO : Model successfully trained on XGBRegressor
2024-03-03 11:59:27,428 : INFO : Saving Models
2024-03-03 11:59:27,428 : INFO : Saving Models
2024-03-03 11:59:27,437 : INFO : Model File XGBRegressor1 saved
2024-03-03 11:59:27,437 : INFO : Model File XGBRegressor1 saved
2024-03-03 11:59:27,437 : INFO : End of Save Models
2024-03-03 11:59:27,437 : INFO : End of Save Models
2024-03-03 11:59:27,761 : INFO : Model successfully trained on XGBRegressor
2024-03-03 11:59:27,761 : INFO : Saving Models
2024-03-03 11:59:27,761 : INFO : Saving Models
2024-03-03 11:59:27,772 : INFO : Model File XGBRegressor2 saved
2024-03-03 11:59:27,772 : INFO : Model File XGBRegressor2 saved
2024-03-03 11:59:27,772 : INFO : End of Save Models
2024-03-03 11:59:27,772 : INFO : End of Save Models
2024-03-03 11:59:27,772 : INFO : End of Training
