2024-03-03 17:19:42,686 : INFO : Start of Training
2024-03-03 17:19:42,686 : INFO : Run_id:<bound method Config.run_id of <apps.core.config.Config object at 0x7f053c118b50>>
2024-03-03 17:19:42,687 : INFO : Start of reading dataset...
2024-03-03 17:19:47,624 : INFO : End of reading dataset...
2024-03-03 17:19:47,625 : INFO : Start of splitting features and label ...
2024-03-03 17:19:47,627 : INFO : End of splitting features and label ...
2024-03-03 17:19:47,627 : INFO : Saving to database
2024-03-03 17:19:50,602 : INFO : Start of creating table...
2024-03-03 17:19:51,260 : INFO : Opened used_cars database successfully
2024-03-03 17:19:51,873 : INFO : ALTER TABLE uc_training_data ADD COLUMN Year
2024-03-03 17:19:51,976 : INFO : ALTER TABLE uc_training_data ADD COLUMN Mileage
2024-03-03 17:19:52,078 : INFO : ALTER TABLE uc_training_data ADD COLUMN Engine
2024-03-03 17:19:52,181 : INFO : ALTER TABLE uc_training_data ADD COLUMN Power
2024-03-03 17:19:52,283 : INFO : ALTER TABLE uc_training_data ADD COLUMN Normalized_Kilometers
2024-03-03 17:19:52,385 : INFO : ALTER TABLE uc_training_data ADD COLUMN Brand
2024-03-03 17:19:52,472 : INFO : ALTER TABLE uc_training_data ADD COLUMN Fuel_Type_CNG
2024-03-03 17:19:52,590 : INFO : ALTER TABLE uc_training_data ADD COLUMN Fuel_Type_LPG
2024-03-03 17:19:52,692 : INFO : ALTER TABLE uc_training_data ADD COLUMN Fuel_Type_Diesel
2024-03-03 17:19:52,795 : INFO : ALTER TABLE uc_training_data ADD COLUMN Fuel_Type_Petrol
2024-03-03 17:19:52,897 : INFO : ALTER TABLE uc_training_data ADD COLUMN Transmission_Automatic
2024-03-03 17:19:53,000 : INFO : ALTER TABLE uc_training_data ADD COLUMN Transmission_Manual
2024-03-03 17:19:53,103 : INFO : End of creating table...
2024-03-03 17:19:53,720 : INFO : Opened used_cars database successfully
2024-03-03 17:19:57,570 : INFO : Start of inserting data into table...
2024-03-03 17:25:19,909 : INFO : End of inserting data into table...
