2024-03-03 17:15:58,023 : INFO : Start of Training
2024-03-03 17:15:58,024 : INFO : Run_id:<bound method Config.run_id of <apps.core.config.Config object at 0x7faf5381eb50>>
2024-03-03 17:15:58,024 : INFO : Start of reading dataset...
2024-03-03 17:16:01,731 : INFO : End of reading dataset...
2024-03-03 17:16:01,731 : INFO : Start of splitting features and label ...
2024-03-03 17:16:01,734 : INFO : End of splitting features and label ...
2024-03-03 17:16:01,734 : INFO : Saving to database
2024-03-03 17:16:06,405 : INFO : Start of creating table...
2024-03-03 17:16:07,219 : INFO : Opened used_cars database successfully
2024-03-03 17:16:25,641 : INFO : ALTER TABLE uc_training_data ADD COLUMN Year
2024-03-03 17:16:33,218 : INFO : ALTER TABLE uc_training_data ADD COLUMN Mileage
2024-03-03 17:16:34,242 : INFO : ALTER TABLE uc_training_data ADD COLUMN Engine
2024-03-03 17:16:35,276 : INFO : ALTER TABLE uc_training_data ADD COLUMN Power
2024-03-03 17:16:36,290 : INFO : ALTER TABLE uc_training_data ADD COLUMN Normalized_Kilometers
2024-03-03 17:16:37,481 : INFO : ALTER TABLE uc_training_data ADD COLUMN Brand
2024-03-03 17:16:38,554 : INFO : ALTER TABLE uc_training_data ADD COLUMN Fuel_Type_CNG
2024-03-03 17:16:40,652 : INFO : ALTER TABLE uc_training_data ADD COLUMN Fuel_Type_LPG
2024-03-03 17:16:42,255 : INFO : ALTER TABLE uc_training_data ADD COLUMN Fuel_Type_Diesel
2024-03-03 17:16:43,490 : INFO : ALTER TABLE uc_training_data ADD COLUMN Fuel_Type_Petrol
2024-03-03 17:16:44,675 : INFO : ALTER TABLE uc_training_data ADD COLUMN Transmission_Automatic
2024-03-03 17:16:45,853 : INFO : ALTER TABLE uc_training_data ADD COLUMN Transmission_Manual
2024-03-03 17:16:46,735 : INFO : End of creating table...
2024-03-03 17:16:47,420 : INFO : Opened used_cars database successfully
2024-03-03 17:16:53,495 : INFO : Start of inserting data into table...
2024-03-03 17:17:13,230 : ERROR : Exception raised while inserting data into table: column "price" of relation "uc_training_data" does not exist
LINE 1: ...O uc_training_data (Year, Mileage, Engine, Power, Price, Bra...
                                                             ^
 
Traceback (most recent call last):
  File "/home/luka/PycharmProjects/UsedCarsML_v1/pythonProject/apps/db/config.py", line 95, in insert_data
    c.execute(insert_query, tuple(row))
psycopg2.errors.UndefinedColumn: column "price" of relation "uc_training_data" does not exist
LINE 1: ...O uc_training_data (Year, Mileage, Engine, Power, Price, Bra...
                                                             ^

2024-03-03 17:17:13,232 : INFO : End of inserting data into table...
2024-03-03 17:17:13,233 : INFO : Start of elbow plotting...
2024-03-03 17:17:20,185 : INFO : The optimum number of clusters is: 3
2024-03-03 17:17:20,185 : INFO : End of elbow plotting...
2024-03-03 17:17:20,186 : INFO : Start of Create clusters...
2024-03-03 17:17:20,548 : INFO : Saving Models
2024-03-03 17:17:20,548 : INFO : Saving Models
2024-03-03 17:17:20,608 : INFO : Model File KMeans saved
2024-03-03 17:17:20,608 : INFO : Model File KMeans saved
2024-03-03 17:17:20,609 : INFO : End of Save Models
2024-03-03 17:17:20,609 : INFO : End of Save Models
2024-03-03 17:17:20,612 : INFO : succesfully created 3clusters.
2024-03-03 17:17:20,612 : INFO : End of Create clusters...
2024-03-03 17:17:21,295 : INFO : Model successfully trained on XGBRegressor
2024-03-03 17:17:21,295 : INFO : Saving Models
2024-03-03 17:17:21,295 : INFO : Saving Models
2024-03-03 17:17:21,312 : INFO : Model File XGBRegressor0 saved
2024-03-03 17:17:21,312 : INFO : Model File XGBRegressor0 saved
2024-03-03 17:17:21,312 : INFO : End of Save Models
2024-03-03 17:17:21,312 : INFO : End of Save Models
2024-03-03 17:17:21,757 : INFO : Model successfully trained on XGBRegressor
2024-03-03 17:17:21,758 : INFO : Saving Models
2024-03-03 17:17:21,758 : INFO : Saving Models
2024-03-03 17:17:21,770 : INFO : Model File XGBRegressor1 saved
2024-03-03 17:17:21,770 : INFO : Model File XGBRegressor1 saved
2024-03-03 17:17:21,770 : INFO : End of Save Models
2024-03-03 17:17:21,770 : INFO : End of Save Models
2024-03-03 17:17:22,164 : INFO : Model successfully trained on XGBRegressor
2024-03-03 17:17:22,165 : INFO : Saving Models
2024-03-03 17:17:22,165 : INFO : Saving Models
2024-03-03 17:17:22,175 : INFO : Model File XGBRegressor2 saved
2024-03-03 17:17:22,175 : INFO : Model File XGBRegressor2 saved
2024-03-03 17:17:22,176 : INFO : End of Save Models
2024-03-03 17:17:22,176 : INFO : End of Save Models
2024-03-03 17:17:22,176 : INFO : End of Training
