2024-03-03 12:20:50,015 : INFO : Start of Training
2024-03-03 12:20:50,015 : INFO : Run_id:<bound method Config.run_id of <apps.core.config.Config object at 0x7fd85cb8ab50>>
2024-03-03 12:20:50,015 : INFO : Start of reading dataset...
2024-03-03 12:20:54,893 : INFO : End of reading dataset...
2024-03-03 12:20:54,893 : INFO : Start of splitting features and label ...
2024-03-03 12:20:54,895 : INFO : End of splitting features and label ...
2024-03-03 12:20:54,895 : INFO : Saving to database
2024-03-03 12:21:06,155 : INFO : Start of creating table...
2024-03-03 12:21:07,180 : INFO : Opened used_cars database successfully
2024-03-03 12:21:07,799 : INFO : The column year already exists in uc_training_data table.
2024-03-03 12:21:07,862 : INFO : The column mileage already exists in uc_training_data table.
2024-03-03 12:21:08,056 : INFO : The column engine already exists in uc_training_data table.
2024-03-03 12:21:08,108 : INFO : The column power already exists in uc_training_data table.
2024-03-03 12:21:08,160 : INFO : The column name already exists in uc_training_data table.
2024-03-03 12:21:08,227 : INFO : The column fuel_type already exists in uc_training_data table.
2024-03-03 12:21:08,420 : INFO : The column transmission already exists in uc_training_data table.
2024-03-03 12:21:08,475 : INFO : The column price already exists in uc_training_data table.
2024-03-03 12:21:08,535 : INFO : The column normalized_kilometers already exists in uc_training_data table.
2024-03-03 12:21:08,593 : INFO : End of creating table...
2024-03-03 12:21:13,345 : INFO : Opened used_cars database successfully
2024-03-03 12:21:16,256 : INFO : Start of inserting data into table...
2024-03-03 12:24:16,711 : INFO : End of inserting data into table...
