2024-03-05 15:56:26,330 : INFO : Start of Training
2024-03-05 15:56:26,331 : INFO : Run_id:<bound method Config.run_id of <apps.core.config.Config object at 0x7fdd2889ac40>>
2024-03-05 15:56:26,331 : INFO : Start of reading dataset...
2024-03-05 15:56:29,948 : INFO : End of reading dataset...
2024-03-05 15:56:29,949 : INFO : Start of splitting features and label ...
2024-03-05 15:56:29,950 : INFO : End of splitting features and label ...
2024-03-05 15:56:29,951 : INFO : Saving to database
2024-03-05 15:56:35,920 : INFO : Start of creating table...
2024-03-05 15:56:36,597 : INFO : Opened used_cars database successfully
2024-03-05 15:56:37,077 : INFO : ALTER TABLE uc_training_data ADD COLUMN Year
2024-03-05 15:56:37,142 : INFO : ALTER TABLE uc_training_data ADD COLUMN Mileage
2024-03-05 15:56:37,206 : INFO : ALTER TABLE uc_training_data ADD COLUMN Engine
2024-03-05 15:56:37,318 : INFO : ALTER TABLE uc_training_data ADD COLUMN Power
2024-03-05 15:56:37,375 : INFO : ALTER TABLE uc_training_data ADD COLUMN Price
2024-03-05 15:56:37,432 : INFO : ALTER TABLE uc_training_data ADD COLUMN Brand
2024-03-05 15:56:37,503 : INFO : ALTER TABLE uc_training_data ADD COLUMN Normalized_Kilometers
2024-03-05 15:56:37,563 : INFO : ALTER TABLE uc_training_data ADD COLUMN Fuel_Type_CNG
2024-03-05 15:56:37,619 : INFO : ALTER TABLE uc_training_data ADD COLUMN Fuel_Type_Diesel
2024-03-05 15:56:37,669 : INFO : ALTER TABLE uc_training_data ADD COLUMN Fuel_Type_LPG
2024-03-05 15:56:37,722 : INFO : ALTER TABLE uc_training_data ADD COLUMN Fuel_Type_Petrol
2024-03-05 15:56:37,777 : INFO : ALTER TABLE uc_training_data ADD COLUMN Transmission_Automatic
2024-03-05 15:56:37,828 : INFO : ALTER TABLE uc_training_data ADD COLUMN Transmission_Manual
2024-03-05 15:56:37,881 : INFO : End of creating table...
2024-03-05 15:56:38,250 : INFO : Opened used_cars database successfully
2024-03-05 15:56:38,251 : INFO : Start of inserting data into table...
2024-03-05 16:24:53,917 : INFO : Data insertion completed successfully.
2024-03-05 16:33:06,932 : INFO : End of inserting data into table...
2024-03-05 16:33:06,932 : INFO : Start of elbow plotting...
2024-03-05 16:33:12,668 : INFO : The optimum number of clusters is: 3
2024-03-05 16:33:12,669 : INFO : End of elbow plotting...
2024-03-05 16:33:12,669 : INFO : Start of Create clusters...
2024-03-05 16:33:13,116 : INFO : Saving Models
2024-03-05 16:33:13,116 : INFO : Saving Models
2024-03-05 16:33:13,294 : INFO : Model File KMeans saved
2024-03-05 16:33:13,294 : INFO : Model File KMeans saved
2024-03-05 16:33:13,295 : INFO : End of Save Models
2024-03-05 16:33:13,295 : INFO : End of Save Models
2024-03-05 16:33:13,300 : INFO : succesfully created 3clusters.
2024-03-05 16:33:13,300 : INFO : End of Create clusters...
2024-03-05 16:33:14,367 : INFO : Model successfully trained on XGBRegressor
2024-03-05 16:33:14,367 : INFO : Saving Models
2024-03-05 16:33:14,367 : INFO : Saving Models
2024-03-05 16:33:14,378 : INFO : Model File XGBRegressor0 saved
2024-03-05 16:33:14,378 : INFO : Model File XGBRegressor0 saved
2024-03-05 16:33:14,378 : INFO : End of Save Models
2024-03-05 16:33:14,378 : INFO : End of Save Models
2024-03-05 16:33:14,794 : INFO : Model successfully trained on XGBRegressor
2024-03-05 16:33:14,794 : INFO : Saving Models
2024-03-05 16:33:14,794 : INFO : Saving Models
2024-03-05 16:33:14,806 : INFO : Model File XGBRegressor1 saved
2024-03-05 16:33:14,806 : INFO : Model File XGBRegressor1 saved
2024-03-05 16:33:14,806 : INFO : End of Save Models
2024-03-05 16:33:14,806 : INFO : End of Save Models
2024-03-05 16:33:15,277 : INFO : Model successfully trained on XGBRegressor
2024-03-05 16:33:15,278 : INFO : Saving Models
2024-03-05 16:33:15,278 : INFO : Saving Models
2024-03-05 16:33:15,288 : INFO : Model File XGBRegressor2 saved
2024-03-05 16:33:15,288 : INFO : Model File XGBRegressor2 saved
2024-03-05 16:33:15,288 : INFO : End of Save Models
2024-03-05 16:33:15,288 : INFO : End of Save Models
2024-03-05 16:33:15,289 : INFO : End of Training
