2024-03-03 12:34:51,547 : INFO : Start of Training
2024-03-03 12:34:51,548 : INFO : Run_id:<bound method Config.run_id of <apps.core.config.Config object at 0x7f6512779b80>>
2024-03-03 12:34:51,549 : INFO : Start of reading dataset...
2024-03-03 12:34:54,929 : INFO : End of reading dataset...
2024-03-03 12:34:54,929 : INFO : Start of splitting features and label ...
2024-03-03 12:34:54,932 : INFO : End of splitting features and label ...
2024-03-03 12:34:54,932 : INFO : Saving to database
2024-03-03 12:35:02,664 : INFO : Start of creating table...
2024-03-03 12:35:03,471 : INFO : Opened used_cars database successfully
2024-03-03 12:35:39,391 : INFO : The column Year already exists in uc_training_data table.
2024-03-03 12:35:47,729 : INFO : The column Mileage already exists in uc_training_data table.
2024-03-03 12:35:54,622 : INFO : The column Engine already exists in uc_training_data table.
2024-03-03 12:35:58,661 : INFO : The column Power already exists in uc_training_data table.
2024-03-03 12:36:03,102 : INFO : The column Normalized_Kilometers already exists in uc_training_data table.
2024-03-03 12:36:07,052 : INFO : The column Brand already exists in uc_training_data table.
2024-03-03 12:36:11,839 : INFO : The column Fuel_Type_CNG already exists in uc_training_data table.
2024-03-03 12:36:14,840 : INFO : The column Fuel_Type_LPG already exists in uc_training_data table.
2024-03-03 12:36:17,066 : INFO : The column Fuel_Type_Diesel already exists in uc_training_data table.
2024-03-03 12:36:24,687 : INFO : The column Fuel_Type_Petrol already exists in uc_training_data table.
2024-03-03 12:36:31,637 : INFO : The column Transmission_Automatic already exists in uc_training_data table.
2024-03-03 12:36:36,025 : INFO : The column Transmission_Manual already exists in uc_training_data table.
2024-03-03 12:36:39,546 : INFO : End of creating table...
2024-03-03 12:36:42,962 : INFO : Opened used_cars database successfully
2024-03-03 12:36:44,180 : INFO : Start of inserting data into table...
2024-03-03 12:39:13,168 : INFO : End of inserting data into table...
